Using pre-set license
Built from '2020.3/staging' branch; Version is '2020.3.6f1 (338bb68529b2) revision 3378102'; Using compiler version '192528614'; Build Type 'Release'
OS: 'Windows 10 Home; OS build 19043.1202; Version 2009; 64bit' Language: 'ja' Physical Memory: 32699 MB
BatchMode: 1, IsHumanControllingUs: 0, StartBugReporterOnCrash: 0, Is64bit: 1, IsPro: 0

 COMMAND LINE ARGUMENTS:
C:\Program Files\Unity\Hub\Editor\2020.3.6f1\Editor\Unity.exe
-adb2
-batchMode
-noUpm
-name
AssetImportWorker0
-projectPath
D:/Unity/unity_ws/SPHFluid
-logFile
Logs/AssetImportWorker0.log
-srvPort
52996
Successfully changed project path to: D:/Unity/unity_ws/SPHFluid
D:/Unity/unity_ws/SPHFluid
Using Asset Import Pipeline V2.
Refreshing native plugins compatible for Editor in 29.10 ms, found 0 plugins.
Preloading 0 native plugins for Editor in 0.00 ms.
Initialize engine version: 2020.3.6f1 (338bb68529b2)
[Subsystems] Discovering subsystems at path C:/Program Files/Unity/Hub/Editor/2020.3.6f1/Editor/Data/Resources/UnitySubsystems
[Subsystems] Discovering subsystems at path D:/Unity/unity_ws/SPHFluid/Assets
GfxDevice: creating device client; threaded=0
Direct3D:
    Version:  Direct3D 11.0 [level 11.1]
    Renderer: NVIDIA GeForce GTX 1060 6GB (ID=0x1c03)
    Vendor:   
    VRAM:     6052 MB
    Driver:   27.21.14.5671
Initialize mono
Mono path[0] = 'C:/Program Files/Unity/Hub/Editor/2020.3.6f1/Editor/Data/Managed'
Mono path[1] = 'C:/Program Files/Unity/Hub/Editor/2020.3.6f1/Editor/Data/MonoBleedingEdge/lib/mono/unityjit'
Mono config path = 'C:/Program Files/Unity/Hub/Editor/2020.3.6f1/Editor/Data/MonoBleedingEdge/etc'
Using monoOptions --debugger-agent=transport=dt_socket,embedding=1,server=y,suspend=n,address=127.0.0.1:56084
Begin MonoManager ReloadAssembly
Registering precompiled unity dll's ...
Register platform support module: C:/Program Files/Unity/Hub/Editor/2020.3.6f1/Editor/Data/PlaybackEngines/MacStandaloneSupport/UnityEditor.OSXStandalone.Extensions.dll
Register platform support module: C:/Program Files/Unity/Hub/Editor/2020.3.6f1/Editor/Data/PlaybackEngines/WindowsStandaloneSupport/UnityEditor.WindowsStandalone.Extensions.dll
Register platform support module: C:/Program Files/Unity/Hub/Editor/2020.3.6f1/Editor/Data/PlaybackEngines/LinuxStandaloneSupport/UnityEditor.LinuxStandalone.Extensions.dll
Registered in 0.002117 seconds.
Native extension for LinuxStandalone target not found
Native extension for WindowsStandalone target not found
Native extension for OSXStandalone target not found
Refreshing native plugins compatible for Editor in 26.07 ms, found 0 plugins.
Preloading 0 native plugins for Editor in 0.00 ms.
Mono: successfully reloaded assembly
- Completed reload, in  0.808 seconds
Platform modules already initialized, skipping
Registering precompiled user dll's ...
Registered in 0.001016 seconds.
Begin MonoManager ReloadAssembly
Native extension for LinuxStandalone target not found
Native extension for WindowsStandalone target not found
Native extension for OSXStandalone target not found
Refreshing native plugins compatible for Editor in 0.40 ms, found 0 plugins.
Preloading 0 native plugins for Editor in 0.00 ms.
Mono: successfully reloaded assembly
- Completed reload, in  0.699 seconds
Platform modules already initialized, skipping
========================================================================
Worker process is ready to serve import requests
Launched and connected shader compiler UnityShaderCompiler.exe after 0.03 seconds
Refreshing native plugins compatible for Editor in 0.40 ms, found 0 plugins.
Preloading 0 native plugins for Editor in 0.00 ms.
Unloading 1641 Unused Serialized files (Serialized files now loaded: 0)
System memory in use before: 73.7 MB.
System memory in use after: 73.8 MB.

Unloading 43 unused Assets to reduce memory usage. Loaded Objects now: 2061.
Total: 4.061200 ms (FindLiveObjects: 0.157200 ms CreateObjectMapping: 0.058500 ms MarkObjects: 3.779900 ms  DeleteObjects: 0.064600 ms)

========================================================================
Received Import Request.
  path: Assets/SPHFluid/Scripts/FluidBase3D.cs
  artifactKey: Guid(cc9d3bc5e85f97b48a07b311ce41f0b3) Importer(815301076,1909f56bfc062723c751e8b465ee728b)
Start importing Assets/SPHFluid/Scripts/FluidBase3D.cs using Guid(cc9d3bc5e85f97b48a07b311ce41f0b3) Importer(815301076,1909f56bfc062723c751e8b465ee728b)  -> (artifact id: '2c6eb5a86e26d2beb7bc22788a85983b') in 0.030048 seconds
  Import took 0.035226 seconds .

========================================================================
Received Import Request.
  Time since last request: 435.805698 seconds.
  path: Assets/SPHFluid/Scripts/FluidRenderer3D.cs
  artifactKey: Guid(b17ef6f3947953d42b06fe392ae6066b) Importer(815301076,1909f56bfc062723c751e8b465ee728b)
Start importing Assets/SPHFluid/Scripts/FluidRenderer3D.cs using Guid(b17ef6f3947953d42b06fe392ae6066b) Importer(815301076,1909f56bfc062723c751e8b465ee728b)  -> (artifact id: '303967414ea586acf2ab27cc3a584d74') in 0.006314 seconds
  Import took 0.008732 seconds .

========================================================================
Received Import Request.
  Time since last request: 378.575227 seconds.
  path: Assets/SPHFluid/Scripts/FluidBase.cs
  artifactKey: Guid(3f83b37cabedcab44a5bad67aa0092c2) Importer(815301076,1909f56bfc062723c751e8b465ee728b)
Start importing Assets/SPHFluid/Scripts/FluidBase.cs using Guid(3f83b37cabedcab44a5bad67aa0092c2) Importer(815301076,1909f56bfc062723c751e8b465ee728b)  -> (artifact id: '4fba9962907d71601508f105829bdb2d') in 0.006408 seconds
  Import took 0.009089 seconds .

========================================================================
Received Prepare
Registering precompiled user dll's ...
Registered in 0.000958 seconds.
Begin MonoManager ReloadAssembly
Native extension for LinuxStandalone target not found
Native extension for WindowsStandalone target not found
Native extension for OSXStandalone target not found
Refreshing native plugins compatible for Editor in 0.40 ms, found 0 plugins.
Preloading 0 native plugins for Editor in 0.00 ms.
Mono: successfully reloaded assembly
- Completed reload, in  0.669 seconds
Platform modules already initialized, skipping
Refreshing native plugins compatible for Editor in 0.40 ms, found 0 plugins.
Preloading 0 native plugins for Editor in 0.00 ms.
Unloading 1634 Unused Serialized files (Serialized files now loaded: 0)
System memory in use before: 73.5 MB.
System memory in use after: 73.5 MB.

Unloading 34 unused Assets to reduce memory usage. Loaded Objects now: 2064.
Total: 4.192500 ms (FindLiveObjects: 0.153700 ms CreateObjectMapping: 0.049200 ms MarkObjects: 3.934100 ms  DeleteObjects: 0.054600 ms)

========================================================================
Received Prepare
Registering precompiled user dll's ...
Registered in 0.001047 seconds.
Begin MonoManager ReloadAssembly
Native extension for LinuxStandalone target not found
Native extension for WindowsStandalone target not found
Native extension for OSXStandalone target not found
Refreshing native plugins compatible for Editor in 0.40 ms, found 0 plugins.
Preloading 0 native plugins for Editor in 0.00 ms.
Mono: successfully reloaded assembly
- Completed reload, in  0.648 seconds
Platform modules already initialized, skipping
Refreshing native plugins compatible for Editor in 0.39 ms, found 0 plugins.
Preloading 0 native plugins for Editor in 0.00 ms.
Unloading 1634 Unused Serialized files (Serialized files now loaded: 0)
System memory in use before: 73.5 MB.
System memory in use after: 73.6 MB.

Unloading 34 unused Assets to reduce memory usage. Loaded Objects now: 2067.
Total: 4.223900 ms (FindLiveObjects: 0.142900 ms CreateObjectMapping: 0.042900 ms MarkObjects: 3.987000 ms  DeleteObjects: 0.050300 ms)

========================================================================
Received Import Request.
  Time since last request: 182.861485 seconds.
  path: Assets/SPHFluid/Textures/particle.png
  artifactKey: Guid(a06aec5f0ae16ba41baf1a2aaf42a512) Importer(815301076,1909f56bfc062723c751e8b465ee728b)
Start importing Assets/SPHFluid/Textures/particle.png using Guid(a06aec5f0ae16ba41baf1a2aaf42a512) Importer(815301076,1909f56bfc062723c751e8b465ee728b)  -> (artifact id: '622db79a86e7b8d6022af29f86dc084f') in 0.075353 seconds
  Import took 0.077435 seconds .

========================================================================
Received Import Request.
  Time since last request: 35.390606 seconds.
  path: Assets/SPHFluid/Resources/SPH3D.compute
  artifactKey: Guid(458fbf94ee3b84a4abc12a2763464c81) Importer(815301076,1909f56bfc062723c751e8b465ee728b)
Start importing Assets/SPHFluid/Resources/SPH3D.compute using Guid(458fbf94ee3b84a4abc12a2763464c81) Importer(815301076,1909f56bfc062723c751e8b465ee728b)  -> (artifact id: '2ac78ad201f1c2f62d717223ddfdd5f9') in 0.008920 seconds
  Import took 0.011253 seconds .

========================================================================
Received Import Request.
  Time since last request: 0.010621 seconds.
  path: Assets/SPHFluid/Resources/SPH3D.compute
  artifactKey: Guid(458fbf94ee3b84a4abc12a2763464c81) Importer(815301076,1909f56bfc062723c751e8b465ee728b)
Start importing Assets/SPHFluid/Resources/SPH3D.compute using Guid(458fbf94ee3b84a4abc12a2763464c81) Importer(815301076,1909f56bfc062723c751e8b465ee728b)  -> (artifact id: '2ac78ad201f1c2f62d717223ddfdd5f9') in 0.001837 seconds
  Import took 0.004056 seconds .

========================================================================
Received Prepare
Registering precompiled user dll's ...
Registered in 0.001069 seconds.
Begin MonoManager ReloadAssembly
Native extension for LinuxStandalone target not found
Native extension for WindowsStandalone target not found
Native extension for OSXStandalone target not found
Refreshing native plugins compatible for Editor in 0.41 ms, found 0 plugins.
Preloading 0 native plugins for Editor in 0.00 ms.
Mono: successfully reloaded assembly
- Completed reload, in  0.665 seconds
Platform modules already initialized, skipping
Refreshing native plugins compatible for Editor in 0.40 ms, found 0 plugins.
Preloading 0 native plugins for Editor in 0.00 ms.
Unloading 1634 Unused Serialized files (Serialized files now loaded: 0)
System memory in use before: 73.5 MB.
System memory in use after: 73.6 MB.

Unloading 34 unused Assets to reduce memory usage. Loaded Objects now: 2072.
Total: 4.030100 ms (FindLiveObjects: 0.155300 ms CreateObjectMapping: 0.046100 ms MarkObjects: 3.782400 ms  DeleteObjects: 0.045000 ms)

========================================================================
Received Import Request.
  Time since last request: 72.185113 seconds.
  path: Assets/SPHFluid/Resources/SPH3D.compute
  artifactKey: Guid(458fbf94ee3b84a4abc12a2763464c81) Importer(815301076,1909f56bfc062723c751e8b465ee728b)
Start importing Assets/SPHFluid/Resources/SPH3D.compute using Guid(458fbf94ee3b84a4abc12a2763464c81) Importer(815301076,1909f56bfc062723c751e8b465ee728b)  -> (artifact id: 'd589f29c8ca008f4ccbc69b0d5f26b57') in 0.008122 seconds
  Import took 0.010087 seconds .

========================================================================
Received Prepare
Registering precompiled user dll's ...
Registered in 0.000959 seconds.
Begin MonoManager ReloadAssembly
Native extension for LinuxStandalone target not found
Native extension for WindowsStandalone target not found
Native extension for OSXStandalone target not found
Refreshing native plugins compatible for Editor in 0.40 ms, found 0 plugins.
Preloading 0 native plugins for Editor in 0.00 ms.
Mono: successfully reloaded assembly
- Completed reload, in  0.660 seconds
Platform modules already initialized, skipping
Refreshing native plugins compatible for Editor in 0.39 ms, found 0 plugins.
Preloading 0 native plugins for Editor in 0.00 ms.
Unloading 1634 Unused Serialized files (Serialized files now loaded: 0)
System memory in use before: 73.6 MB.
System memory in use after: 73.6 MB.

Unloading 34 unused Assets to reduce memory usage. Loaded Objects now: 2075.
Total: 5.041300 ms (FindLiveObjects: 0.354000 ms CreateObjectMapping: 0.157400 ms MarkObjects: 4.478100 ms  DeleteObjects: 0.049700 ms)

========================================================================
Received Prepare
Registering precompiled user dll's ...
Registered in 0.000945 seconds.
Begin MonoManager ReloadAssembly
Native extension for LinuxStandalone target not found
Native extension for WindowsStandalone target not found
Native extension for OSXStandalone target not found
Refreshing native plugins compatible for Editor in 0.40 ms, found 0 plugins.
Preloading 0 native plugins for Editor in 0.00 ms.
Mono: successfully reloaded assembly
- Completed reload, in  0.659 seconds
Platform modules already initialized, skipping
Refreshing native plugins compatible for Editor in 0.40 ms, found 0 plugins.
Preloading 0 native plugins for Editor in 0.00 ms.
Unloading 1634 Unused Serialized files (Serialized files now loaded: 0)
System memory in use before: 73.6 MB.
System memory in use after: 73.6 MB.

Unloading 34 unused Assets to reduce memory usage. Loaded Objects now: 2078.
Total: 4.138100 ms (FindLiveObjects: 0.164000 ms CreateObjectMapping: 0.051900 ms MarkObjects: 3.875700 ms  DeleteObjects: 0.045800 ms)

========================================================================
Received Prepare
Registering precompiled user dll's ...
Registered in 0.001017 seconds.
Begin MonoManager ReloadAssembly
Native extension for LinuxStandalone target not found
Native extension for WindowsStandalone target not found
Native extension for OSXStandalone target not found
Refreshing native plugins compatible for Editor in 0.40 ms, found 0 plugins.
Preloading 0 native plugins for Editor in 0.00 ms.
Mono: successfully reloaded assembly
- Completed reload, in  0.672 seconds
Platform modules already initialized, skipping
Refreshing native plugins compatible for Editor in 0.40 ms, found 0 plugins.
Preloading 0 native plugins for Editor in 0.00 ms.
Unloading 1634 Unused Serialized files (Serialized files now loaded: 0)
System memory in use before: 73.6 MB.
System memory in use after: 73.7 MB.

Unloading 34 unused Assets to reduce memory usage. Loaded Objects now: 2081.
Total: 4.220700 ms (FindLiveObjects: 0.145400 ms CreateObjectMapping: 0.044300 ms MarkObjects: 3.979000 ms  DeleteObjects: 0.050900 ms)

========================================================================
Received Prepare
Registering precompiled user dll's ...
Registered in 0.000945 seconds.
Begin MonoManager ReloadAssembly
Native extension for LinuxStandalone target not found
Native extension for WindowsStandalone target not found
Native extension for OSXStandalone target not found
Refreshing native plugins compatible for Editor in 0.41 ms, found 0 plugins.
Preloading 0 native plugins for Editor in 0.00 ms.
Mono: successfully reloaded assembly
- Completed reload, in  0.662 seconds
Platform modules already initialized, skipping
Refreshing native plugins compatible for Editor in 0.39 ms, found 0 plugins.
Preloading 0 native plugins for Editor in 0.00 ms.
Unloading 1634 Unused Serialized files (Serialized files now loaded: 0)
System memory in use before: 73.6 MB.
System memory in use after: 73.7 MB.

Unloading 34 unused Assets to reduce memory usage. Loaded Objects now: 2084.
Total: 3.980200 ms (FindLiveObjects: 0.159200 ms CreateObjectMapping: 0.049900 ms MarkObjects: 3.723500 ms  DeleteObjects: 0.046700 ms)

========================================================================
Received Prepare
Registering precompiled user dll's ...
Registered in 0.000963 seconds.
Begin MonoManager ReloadAssembly
Native extension for LinuxStandalone target not found
Native extension for WindowsStandalone target not found
Native extension for OSXStandalone target not found
Refreshing native plugins compatible for Editor in 0.39 ms, found 0 plugins.
Preloading 0 native plugins for Editor in 0.00 ms.
Mono: successfully reloaded assembly
- Completed reload, in  0.667 seconds
Platform modules already initialized, skipping
Refreshing native plugins compatible for Editor in 0.42 ms, found 0 plugins.
Preloading 0 native plugins for Editor in 0.00 ms.
Unloading 1634 Unused Serialized files (Serialized files now loaded: 0)
System memory in use before: 73.6 MB.
System memory in use after: 73.7 MB.

Unloading 34 unused Assets to reduce memory usage. Loaded Objects now: 2087.
Total: 16.010800 ms (FindLiveObjects: 0.494100 ms CreateObjectMapping: 0.216600 ms MarkObjects: 15.180400 ms  DeleteObjects: 0.114500 ms)

========================================================================
Received Prepare
Registering precompiled user dll's ...
Registered in 0.000890 seconds.
Begin MonoManager ReloadAssembly
Native extension for LinuxStandalone target not found
Native extension for WindowsStandalone target not found
Native extension for OSXStandalone target not found
Refreshing native plugins compatible for Editor in 0.45 ms, found 0 plugins.
Preloading 0 native plugins for Editor in 0.00 ms.
Mono: successfully reloaded assembly
- Completed reload, in  0.667 seconds
Platform modules already initialized, skipping
Refreshing native plugins compatible for Editor in 0.40 ms, found 0 plugins.
Preloading 0 native plugins for Editor in 0.00 ms.
Unloading 1634 Unused Serialized files (Serialized files now loaded: 0)
System memory in use before: 73.6 MB.
System memory in use after: 73.7 MB.

Unloading 34 unused Assets to reduce memory usage. Loaded Objects now: 2090.
Total: 4.195800 ms (FindLiveObjects: 0.179600 ms CreateObjectMapping: 0.057200 ms MarkObjects: 3.909000 ms  DeleteObjects: 0.049100 ms)

========================================================================
Received Prepare
Registering precompiled user dll's ...
Registered in 0.001037 seconds.
Begin MonoManager ReloadAssembly
Native extension for LinuxStandalone target not found
Native extension for WindowsStandalone target not found
Native extension for OSXStandalone target not found
Refreshing native plugins compatible for Editor in 0.41 ms, found 0 plugins.
Preloading 0 native plugins for Editor in 0.00 ms.
Mono: successfully reloaded assembly
- Completed reload, in  0.656 seconds
Platform modules already initialized, skipping
Refreshing native plugins compatible for Editor in 0.41 ms, found 0 plugins.
Preloading 0 native plugins for Editor in 0.00 ms.
Unloading 1634 Unused Serialized files (Serialized files now loaded: 0)
System memory in use before: 73.6 MB.
System memory in use after: 73.7 MB.

Unloading 34 unused Assets to reduce memory usage. Loaded Objects now: 2093.
Total: 4.294800 ms (FindLiveObjects: 0.142900 ms CreateObjectMapping: 0.046600 ms MarkObjects: 4.054400 ms  DeleteObjects: 0.049500 ms)

